<?xml version="1.0" encoding="UTF-8"?>
<!-- Generated by org.testng.reporters.JUnitReportReporter -->
<testsuite hostname="LAPTOP-DK6THK5R" name="annotationTest.SampleTest" tests="1" failures="0" timestamp="7 Sep 2019 10:09:23 GMT" time="0.004" errors="0">
  <testcase name="test" time="0.004" classname="annotationTest.SampleTest"/>
</testsuite> <!-- annotationTest.SampleTest -->
