<?xml version="1.0" encoding="UTF-8"?>
<!-- Generated by org.testng.reporters.JUnitReportReporter -->
<testsuite hostname="LAPTOP-DK6THK5R" name="annotationTest.FreeCRMTest" tests="3" failures="0" timestamp="7 Sep 2019 10:09:23 GMT" time="73.823" errors="0">
  <testcase name="validation2" time="30.784" classname="annotationTest.FreeCRMTest"/>
  <testcase name="validation3" time="21.698" classname="annotationTest.FreeCRMTest"/>
  <testcase name="validation" time="21.341" classname="annotationTest.FreeCRMTest"/>
</testsuite> <!-- annotationTest.FreeCRMTest -->
