<?xml version="1.0" encoding="UTF-8"?>
<!-- Generated by org.testng.reporters.JUnitReportReporter -->
<testsuite hostname="LAPTOP-DK6THK5R" name="annotationTest.GroupTest" tests="4" failures="0" timestamp="7 Sep 2019 10:09:23 GMT" time="0.021" errors="0">
  <testcase name="test3" time="0.003" classname="annotationTest.GroupTest"/>
  <testcase name="test2" time="0.006" classname="annotationTest.GroupTest"/>
  <testcase name="test4" time="0.003" classname="annotationTest.GroupTest"/>
  <testcase name="test1" time="0.009" classname="annotationTest.GroupTest"/>
</testsuite> <!-- annotationTest.GroupTest -->
