<?xml version="1.0" encoding="UTF-8"?>
<!-- Generated by org.testng.reporters.JUnitReportReporter -->
<testsuite hostname="LAPTOP-DK6THK5R" name="annotationTest.PriorityTest" tests="4" failures="0" timestamp="7 Sep 2019 10:09:23 GMT" time="0.006" errors="0">
  <testcase name="test3" time="0.001" classname="annotationTest.PriorityTest"/>
  <testcase name="qtest2" time="0.001" classname="annotationTest.PriorityTest"/>
  <testcase name="rtest3" time="0.002" classname="annotationTest.PriorityTest"/>
  <testcase name="test1" time="0.002" classname="annotationTest.PriorityTest"/>
</testsuite> <!-- annotationTest.PriorityTest -->
